{"E:\\IT_and_programing\\Frontend\\8.0_Homeworks\\Task-4.3\\src\\js\\http.js": {"path":"E:\\IT_and_programing\\Frontend\\8.0_Homeworks\\Task-4.3\\src\\js\\http.js","statementMap":{"0":{"start":{"line":2,"column":2},"end":{"line":2,"column":32}}},"fnMap":{"0":{"name":"fetchData","decl":{"start":{"line":1,"column":24},"end":{"line":1,"column":33}},"loc":{"start":{"line":1,"column":39},"end":{"line":3,"column":1}},"line":1}},"branchMap":{},"s":{"0":0},"f":{"0":0},"b":{},"_coverageSchema":"1a1c01bbd47fc00a2c39e90264f33305004495a9","hash":"da4534df40cdf4765ac527b8a4694893a177ab1d"}
,"E:\\IT_and_programing\\Frontend\\8.0_Homeworks\\Task-4.3\\src\\js\\level.js": {"path":"E:\\IT_and_programing\\Frontend\\8.0_Homeworks\\Task-4.3\\src\\js\\level.js","statementMap":{"0":{"start":{"line":4,"column":19},"end":{"line":4,"column":61}},"1":{"start":{"line":7,"column":2},"end":{"line":9,"column":3}},"2":{"start":{"line":8,"column":4},"end":{"line":8,"column":52}},"3":{"start":{"line":11,"column":2},"end":{"line":11,"column":52}}},"fnMap":{"0":{"name":"getLevel","decl":{"start":{"line":3,"column":16},"end":{"line":3,"column":24}},"loc":{"start":{"line":3,"column":33},"end":{"line":12,"column":1}},"line":3}},"branchMap":{"0":{"loc":{"start":{"line":7,"column":2},"end":{"line":9,"column":3}},"type":"if","locations":[{"start":{"line":7,"column":2},"end":{"line":9,"column":3}},{"start":{"line":7,"column":2},"end":{"line":9,"column":3}}],"line":7}},"s":{"0":1,"1":1,"2":0,"3":1},"f":{"0":1},"b":{"0":[0,1]},"_coverageSchema":"1a1c01bbd47fc00a2c39e90264f33305004495a9","hash":"76ef5d8d15870822bbfe498051de4421467bace1"}
}
